This file contains any messages produced by compilers while
running configure, to aid debugging if configure makes a mistake.

It was created by HTML5 PivotViewer configure 1.1, which was
generated by GNU Autoconf 2.69.  Invocation command line was

  $ ./configure 

## --------- ##
## Platform. ##
## --------- ##

hostname = li-65f8d44c-25f7-11b2-a85c-a427cb3b167a.ibm.com
uname -m = x86_64
uname -r = 4.18.0-240.15.1.el8_3.x86_64
uname -s = Linux
uname -v = #1 SMP Wed Feb 3 03:12:15 EST 2021

/usr/bin/uname -p = x86_64
/bin/uname -X     = unknown

/bin/arch              = x86_64
/usr/bin/arch -k       = unknown
/usr/convex/getsysinfo = unknown
/usr/bin/hostinfo      = unknown
/bin/machine           = unknown
/usr/bin/oslevel       = unknown
/bin/universe          = unknown

PATH: /home/anton/code/go/bin
PATH: /usr/local/go/bin
PATH: /home/anton/anaconda3/bin
PATH: /home/anton/.cargo/bin
PATH: /home/anton/.local/bin
PATH: /home/anton/bin
PATH: /home/anton/anaconda3/bin
PATH: /home/anton/anaconda3/condabin
PATH: /home/anton/code/go/bin
PATH: /usr/local/go/bin
PATH: /home/anton/anaconda3/bin
PATH: /home/anton/.cargo/bin
PATH: /home/anton/.local/bin
PATH: /home/anton/bin
PATH: /home/anton/.cargo/bin
PATH: /usr/local/bin
PATH: /usr/local/sbin
PATH: /usr/bin
PATH: /usr/sbin


## ----------- ##
## Core tests. ##
## ----------- ##

configure:1784: checking for a BSD-compatible install
configure:1852: result: /usr/bin/install -c
configure:1863: checking whether build environment is sane
configure:1918: result: yes
configure:2069: checking for a thread-safe mkdir -p
configure:2108: result: /usr/bin/mkdir -p
configure:2115: checking for gawk
configure:2131: found /usr/bin/gawk
configure:2142: result: gawk
configure:2153: checking whether make sets $(MAKE)
configure:2175: result: yes
configure:2204: checking whether make supports nested variables
configure:2221: result: yes
configure:2387: checking for a Python interpreter with version >= 2.7
configure:2404: python -c import sys # split strings by '.' and convert to numeric. Append some zeros # because we need at least 4 digits for the hex conversion. # map returns an iterator in Python 3.0 and a list in 2.x minver = list(map(int, '2.7'.split('.'))) + [0, 0, 0] minverhex = 0 # xrange is not present in Python 3.0 and range returns an iterator for i in list(range(0, 4)): minverhex = (minverhex << 8) + minver[i] sys.exit(sys.hexversion < minverhex)
configure:2407: $? = 0
configure:2413: result: python
configure:2421: checking for python
configure:2439: found /home/anton/anaconda3/bin/python
configure:2451: result: /home/anton/anaconda3/bin/python
configure:2469: checking for python version
configure:2476: result: 3.8
configure:2488: checking for python platform
configure:2495: result: linux
configure:2521: checking for python script directory
configure:2556: result: ${prefix}/lib/python3.8/site-packages
configure:2565: checking for python extension module directory
configure:2600: result: ${exec_prefix}/lib/python3.8/site-packages
configure:2640: checking for vadpacker.py
configure:2659: found /home/anton/code/html5pivotviewer/vadpacker/vadpacker.py
configure:2672: result: /home/anton/code/html5pivotviewer/vadpacker/vadpacker.py
configure:2851: checking that generated files are newer than configure
configure:2857: result: done
configure:2865: creating ./config.status

## ---------------------- ##
## Running config.status. ##
## ---------------------- ##

This file was extended by HTML5 PivotViewer config.status 1.1, which was
generated by GNU Autoconf 2.69.  Invocation command line was

  CONFIG_FILES    = 
  CONFIG_HEADERS  = 
  CONFIG_LINKS    = 
  CONFIG_COMMANDS = 
  $ ./config.status 

on li-65f8d44c-25f7-11b2-a85c-a427cb3b167a.ibm.com

config.status:757: creating Makefile

## ---------------- ##
## Cache variables. ##
## ---------------- ##

ac_cv_env_PYTHON_set=
ac_cv_env_PYTHON_value=
ac_cv_env_build_alias_set=
ac_cv_env_build_alias_value=
ac_cv_env_host_alias_set=
ac_cv_env_host_alias_value=
ac_cv_env_target_alias_set=
ac_cv_env_target_alias_value=
ac_cv_path_PYTHON=/home/anton/anaconda3/bin/python
ac_cv_path_VADPACKER=/home/anton/code/html5pivotviewer/vadpacker/vadpacker.py
ac_cv_path_install='/usr/bin/install -c'
ac_cv_path_mkdir=/usr/bin/mkdir
ac_cv_prog_AWK=gawk
ac_cv_prog_make_make_set=yes
am_cv_make_support_nested_variables=yes
am_cv_pathless_PYTHON=python
am_cv_python_platform=linux
am_cv_python_pyexecdir='${exec_prefix}/lib/python3.8/site-packages'
am_cv_python_pythondir='${prefix}/lib/python3.8/site-packages'
am_cv_python_version=3.8

## ----------------- ##
## Output variables. ##
## ----------------- ##

'
'
'
'
ACLOCAL='${SHELL} /home/anton/code/html5pivotviewer/admin/missing aclocal-1.16'
AMTAR='$${TAR-tar}'
AM_BACKSLASH='\'
AM_DEFAULT_V='$(AM_DEFAULT_VERBOSITY)'
AM_DEFAULT_VERBOSITY='1'
AM_V='$(V)'
AUTOCONF='${SHELL} /home/anton/code/html5pivotviewer/admin/missing autoconf'
AUTOHEADER='${SHELL} /home/anton/code/html5pivotviewer/admin/missing autoheader'
AUTOMAKE='${SHELL} /home/anton/code/html5pivotviewer/admin/missing automake-1.16'
AWK='gawk'
CYGPATH_W='echo'
DEFS='-DPACKAGE_NAME=\"HTML5\ PivotViewer\" -DPACKAGE_TARNAME=\"html5pivotviewer -DPACKAGE_VERSION=\"1.1\" -DPACKAGE_STRING=\"HTML5\ PivotViewer\ 1.1\" -DPACKAGE_BUGREPORT=\"opensource@openlinksw.com\" -DPACKAGE_URL=\"\" -DPACKAGE=\"html5pivotviewer -DVERSION=\"1.1\"'
ECHO_C=''
ECHO_N='-n'
ECHO_T=''
INSTALL_DATA='${INSTALL} -m 644'
INSTALL_PROGRAM='${INSTALL}'
INSTALL_SCRIPT='${INSTALL}'
INSTALL_STRIP_PROGRAM='$(install_sh) -c -s'
LIBOBJS=''
LIBS=''
LTLIBOBJS=''
MAKEINFO='${SHELL} /home/anton/code/html5pivotviewer/admin/missing makeinfo'
MKDIR_P='/usr/bin/mkdir -p'
PACKAGE='html5pivotviewer
PACKAGE_BUGREPORT='opensource@openlinksw.com'
PACKAGE_NAME='HTML5 PivotViewer'
PACKAGE_STRING='HTML5 PivotViewer 1.1'
PACKAGE_TARNAME='html5pivotviewer
PACKAGE_URL=''
PACKAGE_VERSION='1.1'
PATH_SEPARATOR=':'
PYTHON='/home/anton/anaconda3/bin/python'
PYTHON_EXEC_PREFIX='${exec_prefix}'
PYTHON_PLATFORM='linux'
PYTHON_PREFIX='${prefix}'
PYTHON_VERSION='3.8'
SET_MAKE=''
SHELL='/bin/sh'
STRIP=''
VADPACKER='/home/anton/code/html5pivotviewer/vadpacker/vadpacker.py'
VERSION='1.1'
am__isrc=''
am__leading_dot='.'
am__tar='$${TAR-tar} chof - "$$tardir"'
am__untar='$${TAR-tar} xf -'
bindir='${exec_prefix}/bin'
build_alias=''
datadir='${datarootdir}'
datarootdir='${prefix}/share'
docdir='${datarootdir}/doc/${PACKAGE_TARNAME}'
dvidir='${docdir}'
exec_prefix='${prefix}'
host_alias=''
htmldir='${docdir}'
includedir='${prefix}/include'
infodir='${datarootdir}/info'
install_sh='${SHELL} /home/anton/code/html5pivotviewer/admin/install-sh'
libdir='${exec_prefix}/lib'
libexecdir='${exec_prefix}/libexec'
localedir='${datarootdir}/locale'
localstatedir='${prefix}/var'
mandir='${datarootdir}/man'
mkdir_p='$(MKDIR_P)'
oldincludedir='/usr/include'
pdfdir='${docdir}'
pkgpyexecdir='${pyexecdir}/html5pivotviewer
pkgpythondir='${pythondir}/html5pivotviewer
prefix='/usr/local'
program_transform_name='s,x,x,'
psdir='${docdir}'
pyexecdir='${exec_prefix}/lib/python3.8/site-packages'
pythondir='${prefix}/lib/python3.8/site-packages'
sbindir='${exec_prefix}/sbin'
sharedstatedir='${prefix}/com'
sysconfdir='${prefix}/etc'
target_alias=''
vaddir='${datarootdir}/virtuoso/vad'

## ----------- ##
## confdefs.h. ##
## ----------- ##

/* confdefs.h */
#define PACKAGE_NAME "HTML5 PivotViewer"
#define PACKAGE_TARNAME "html5pivotviewer
"
#define PACKAGE_VERSION "1.1"
#define PACKAGE_STRING "HTML5 PivotViewer 1.1"
#define PACKAGE_BUGREPORT "opensource@openlinksw.com"
#define PACKAGE_URL ""
#define PACKAGE "html5pivotviewer
"
#define VERSION "1.1"

configure: exit 0
